<?xml version="1.0" encoding="UTF-8"?>
<!-- Generated by org.testng.reporters.JUnitReportReporter -->
<testsuite skipped="0" hostname="MCComputer" name="com.myTest.LoginTest" tests="2" failures="0" timestamp="20 Nov 2020 07:43:05 GMT" time="18.721" errors="0">
  <testcase name="verifyInfoRegistrationDisplayed" time="13.433" classname="com.myTest.LoginTest"/>
  <testcase name="doLogin" time="5.288" classname="com.myTest.LoginTest"/>
</testsuite> <!-- com.myTest.LoginTest -->
