<?xml version="1.0" encoding="UTF-8"?>
<!-- Generated by org.testng.reporters.JUnitReportReporter -->
<testsuite skipped="0" hostname="MCComputer" name="com.test.Test99GuruLogin" tests="1" failures="0" timestamp="26 Nov 2020 09:49:33 GMT" time="12.813" errors="0">
  <testcase name="test_Home_Page_Appear_Correct" time="12.813" classname="com.test.Test99GuruLogin"/>
</testsuite> <!-- com.test.Test99GuruLogin -->
